\BOOKMARK [-1][]{thuchapter.1.-1}{\376\377\127\372\116\216\226\220\137\017\210\150\171\072\166\204\131\015\147\102\176\323\147\204\232\330\145\110\213\276\213\241\116\016\117\030\123\026}{}% 1
\BOOKMARK [0][]{thuchapter.2.0}{\376\377\144\130\211\201}{thuchapter.1.-1}% 2
\BOOKMARK [0][]{thuchapter.3.0}{\376\377\000A\000b\000s\000t\000r\000a\000c\000t}{thuchapter.1.-1}% 3
\BOOKMARK [0][]{thuchapter.4.0}{\376\377\166\356\153\041}{thuchapter.1.-1}% 4
\BOOKMARK [0][]{section*.8}{\376\377\143\322\126\376\156\005\123\125}{thuchapter.1.-1}% 5
\BOOKMARK [0][]{section*.10}{\376\377\226\104\210\150\156\005\123\125}{thuchapter.1.-1}% 6
\BOOKMARK [0][]{thuchapter.5.0}{\376\377\173\046\123\367\210\150}{thuchapter.1.-1}% 7
\BOOKMARK [0][]{chapter.1}{\376\377\173\054\0001\172\340\000\040\176\352\213\272}{thuchapter.1.-1}% 8
\BOOKMARK [1][-]{section.1.1}{\376\377\0001\000.\0001\000\040\142\323\142\121\117\030\123\026}{chapter.1}% 9
\BOOKMARK [1][-]{section.1.2}{\376\377\0001\000.\0002\000\040\176\323\147\204\210\150\171\072}{chapter.1}% 10
\BOOKMARK [1][-]{section.1.3}{\376\377\0001\000.\0003\000\040\162\151\164\006\117\341\140\157\171\136\176\317\177\121\176\334}{chapter.1}% 11
\BOOKMARK [0][]{chapter.2}{\376\377\173\054\0002\172\340\000\040\127\372\116\216\226\220\137\017\210\150\171\072\166\204\205\204\130\363\176\323\147\204\226\325\122\073\213\276\213\241}{thuchapter.1.-1}% 12
\BOOKMARK [1][-]{section.2.1}{\376\377\0002\000.\0001\000\040\137\025\212\000}{chapter.2}% 13
\BOOKMARK [1][-]{section.2.2}{\376\377\0002\000.\0002\000\040\170\024\172\166\145\271\154\325}{chapter.2}% 14
\BOOKMARK [2][-]{subsection.2.2.1}{\376\377\0002\000.\0002\000.\0001\000\040\123\302\145\160\123\026\213\276\213\241}{section.2.2}% 15
\BOOKMARK [3][-]{subsubsection.2.2.1.1}{\376\377\0002\000.\0002\000.\0001\000.\0001\000\040\126\376\150\110\152\041\147\177\213\276\213\241}{subsection.2.2.1}% 16
\BOOKMARK [3][-]{subsubsection.2.2.1.2}{\376\377\0002\000.\0002\000.\0001\000.\0002\000\040\226\325\122\073\213\276\213\241}{subsection.2.2.1}% 17
\BOOKMARK [2][-]{subsection.2.2.2}{\376\377\0002\000.\0002\000.\0002\000\040\117\030\123\026\225\356\230\230\166\204\137\142\137\017\124\214\154\102\211\343}{section.2.2}% 18
\BOOKMARK [3][-]{subsubsection.2.2.2.1}{\376\377\0002\000.\0002\000.\0002\000.\0001\000\040\225\356\230\230\137\142\137\017}{subsection.2.2.2}% 19
\BOOKMARK [3][-]{subsubsection.2.2.2.2}{\376\377\0002\000.\0002\000.\0002\000.\0002\000\040\213\241\173\227\124\214\117\030\123\026}{subsection.2.2.2}% 20
\BOOKMARK [1][-]{section.2.3}{\376\377\0002\000.\0003\000\040\133\236\232\214\124\214\213\250\213\272}{chapter.2}% 21
\BOOKMARK [2][-]{subsection.2.3.1}{\376\377\0002\000.\0003\000.\0001\000\040\147\011\145\110\140\047\232\214\213\301}{section.2.3}% 22
\BOOKMARK [2][-]{subsection.2.3.2}{\376\377\0002\000.\0003\000.\0002\000\040\145\110\147\234\123\312\153\324\217\203\133\236\232\214}{section.2.3}% 23
\BOOKMARK [2][-]{subsection.2.3.3}{\376\377\0002\000.\0003\000.\0003\000\040\0003\000D\142\123\123\160\123\312\162\151\164\006\232\214\213\301}{section.2.3}% 24
\BOOKMARK [2][-]{subsection.2.3.4}{\376\377\0002\000.\0003\000.\0004\000\040\136\224\165\050}{section.2.3}% 25
\BOOKMARK [1][-]{section.2.4}{\376\377\0002\000.\0004\000\040\147\054\172\340\134\017\176\323}{chapter.2}% 26
\BOOKMARK [0][]{chapter.3}{\376\377\173\054\0003\172\340\000\040\127\372\116\216\226\220\137\017\210\150\171\072\166\204\201\352\145\057\144\221\172\172\137\303\123\026\217\173\221\317\176\323\147\204\213\276\213\241}{thuchapter.1.-1}% 27
\BOOKMARK [1][-]{section.3.1}{\376\377\0003\000.\0001\000\040\137\025\212\000}{chapter.3}% 28
\BOOKMARK [1][-]{section.3.2}{\376\377\0003\000.\0002\000\040\170\024\172\166\145\271\154\325}{chapter.3}% 29
\BOOKMARK [2][-]{subsection.3.2.1}{\376\377\0003\000.\0002\000.\0001\000\040\201\352\145\057\144\221\172\172\137\303\176\323\147\204\213\276\213\241}{section.3.2}% 30
\BOOKMARK [2][-]{subsection.3.2.2}{\376\377\0003\000.\0002\000.\0002\000\040\201\352\145\057\144\221\172\172\140\047\123\026\152\041\127\213\166\204\121\375\145\160\210\150\171\072}{section.3.2}% 31
\BOOKMARK [2][-]{subsection.3.2.3}{\376\377\0003\000.\0002\000.\0003\000\040\117\030\123\026\225\356\230\230\166\204\137\142\137\017\123\312\154\102\211\343}{section.3.2}% 32
\BOOKMARK [2][-]{subsection.3.2.4}{\376\377\0003\000.\0002\000.\0004\000\040\117\030\123\026\154\102\211\343\217\307\172\013}{section.3.2}% 33
\BOOKMARK [1][-]{section.3.3}{\376\377\0003\000.\0003\000\040\133\236\232\214\124\214\213\250\213\272}{chapter.3}% 34
\BOOKMARK [2][-]{subsection.3.3.1}{\376\377\0003\000.\0003\000.\0001\000\040\147\011\145\110\140\047\124\214\145\110\163\207\140\047}{section.3.3}% 35
\BOOKMARK [2][-]{subsection.3.3.2}{\376\377\0003\000.\0003\000.\0002\000\040\153\324\217\203\124\214\213\250\213\272}{section.3.3}% 36
\BOOKMARK [1][-]{section.3.4}{\376\377\0003\000.\0004\000\040\147\054\172\340\134\017\176\323}{chapter.3}% 37
\BOOKMARK [0][]{chapter.4}{\376\377\173\054\0004\172\340\000\040\127\372\116\216\226\220\137\017\171\136\176\317\210\150\171\072\166\204\172\357\122\060\172\357\142\323\142\121\117\030\123\026\145\271\154\325}{thuchapter.1.-1}% 38
\BOOKMARK [1][-]{section.4.1}{\376\377\0004\000.\0001\000\040\137\025\212\000}{chapter.4}% 39
\BOOKMARK [1][-]{section.4.2}{\376\377\0004\000.\0002\000\040\230\204\131\007\167\345\213\306}{chapter.4}% 40
\BOOKMARK [2][-]{subsection.4.2.1}{\376\377\0004\000.\0002\000.\0001\000\040\142\323\142\121\117\030\123\026\116\000\202\054\137\142\137\017}{section.4.2}% 41
\BOOKMARK [2][-]{subsection.4.2.2}{\376\377\0004\000.\0002\000.\0002\000\040\176\323\147\204\166\204\226\220\137\017\210\150\171\072}{section.4.2}% 42
\BOOKMARK [2][-]{subsection.4.2.3}{\376\377\0004\000.\0002\000.\0003\000\040\127\372\116\216\172\313\145\271\131\015\137\142\166\204\143\001\176\355\124\014\214\003\122\006\147\220}{section.4.2}% 43
\BOOKMARK [1][-]{section.4.3}{\376\377\0004\000.\0003\000\040\170\024\172\166\145\271\154\325}{chapter.4}% 44
\BOOKMARK [2][-]{subsection.4.3.1}{\376\377\0004\000.\0003\000.\0001\000\040\145\160\143\156\226\306}{section.4.3}% 45
\BOOKMARK [2][-]{subsection.4.3.2}{\376\377\0004\000.\0003\000.\0002\000\040\177\121\176\334\176\323\147\204}{section.4.3}% 46
\BOOKMARK [3][-]{subsubsection.4.3.2.1}{\376\377\0004\000.\0003\000.\0002\000.\0001\000\040\177\121\176\334\217\223\121\145}{subsection.4.3.2}% 47
\BOOKMARK [3][-]{subsubsection.4.3.2.2}{\376\377\0004\000.\0003\000.\0002\000.\0002\000\040\165\050\116\216\176\323\147\204\221\315\136\372\166\204\000V\000A\000E}{subsection.4.3.2}% 48
\BOOKMARK [3][-]{subsubsection.4.3.2.3}{\376\377\0004\000.\0003\000.\0002\000.\0003\000\040\147\141\116\366\117\341\140\157\217\223\121\145}{subsection.4.3.2}% 49
\BOOKMARK [2][-]{subsection.4.3.3}{\376\377\0004\000.\0003\000.\0003\000\040\143\137\131\061\121\375\145\160\124\214\213\304\117\060\143\007\150\007}{section.4.3}% 50
\BOOKMARK [3][-]{subsubsection.4.3.3.1}{\376\377\0004\000.\0003\000.\0003\000.\0001\000\040\121\340\117\125\143\137\131\061}{subsection.4.3.3}% 51
\BOOKMARK [3][-]{subsubsection.4.3.3.2}{\376\377\0004\000.\0003\000.\0003\000.\0002\000\040\142\323\142\121\143\137\131\061}{subsection.4.3.3}% 52
\BOOKMARK [3][-]{subsubsection.4.3.3.3}{\376\377\0004\000.\0003\000.\0003\000.\0003\000\040\213\304\117\060\143\007\150\007}{subsection.4.3.3}% 53
\BOOKMARK [2][-]{subsection.4.3.4}{\376\377\0004\000.\0003\000.\0004\000\040\213\255\176\303\124\214\165\037\142\020}{section.4.3}% 54
\BOOKMARK [1][-]{section.4.4}{\376\377\0004\000.\0004\000\040\133\236\232\214\124\214\122\006\147\220}{chapter.4}% 55
\BOOKMARK [2][-]{subsection.4.4.1}{\376\377\0004\000.\0004\000.\0001\000\040\215\205\123\302\145\160\213\276\177\156\124\214\145\066\145\133\140\047}{section.4.4}% 56
\BOOKMARK [2][-]{subsection.4.4.2}{\376\377\0004\000.\0004\000.\0002\000\040\140\047\200\375\213\304\117\060}{section.4.4}% 57
\BOOKMARK [2][-]{subsection.4.4.3}{\376\377\0004\000.\0004\000.\0003\000\040\155\210\207\215\133\236\232\214}{section.4.4}% 58
\BOOKMARK [2][-]{subsection.4.4.4}{\376\377\0004\000.\0004\000.\0004\000\040\153\324\217\203\133\236\232\214}{section.4.4}% 59
\BOOKMARK [1][-]{section.4.5}{\376\377\0004\000.\0005\000\040\147\054\172\340\134\017\176\323}{chapter.4}% 60
\BOOKMARK [0][]{section*.75}{\376\377\123\302\200\003\145\207\163\056}{thuchapter.1.-1}% 61
\BOOKMARK [0][]{section*.77}{\376\377\201\364\214\042}{thuchapter.1.-1}% 62
\BOOKMARK [0][]{section*.79}{\376\377\130\360\146\016}{thuchapter.1.-1}% 63
\BOOKMARK [0][]{section*.81}{\376\377\116\052\116\272\173\200\123\206\060\001\123\321\210\150\166\204\133\146\147\057\213\272\145\207\116\016\171\321\170\024\142\020\147\234}{thuchapter.1.-1}% 64
